Performing C SOURCE FILE Test C_SUPPORTS_WERROR_UNGUARDED_AVAILABILITY_NEW failed with the following output:
Change Dir: /home/hayden/prj/mlir_demo/build/CMakeFiles/CMakeTmp

Run Build Command(s):/usr/bin/gmake -f Makefile cmTC_7bff3/fast && /usr/bin/gmake  -f CMakeFiles/cmTC_7bff3.dir/build.make CMakeFiles/cmTC_7bff3.dir/build
gmake[1]: Entering directory '/home/hayden/prj/mlir_demo/build/CMakeFiles/CMakeTmp'
Building C object CMakeFiles/cmTC_7bff3.dir/src.c.o
/usr/bin/cc -DC_SUPPORTS_WERROR_UNGUARDED_AVAILABILITY_NEW  -fPIC -fno-semantic-interposition -Werror=date-time    -Werror -Werror=unguarded-availability-new -o CMakeFiles/cmTC_7bff3.dir/src.c.o -c /home/hayden/prj/mlir_demo/build/CMakeFiles/CMakeTmp/src.c
cc1: error: '-Werror=unguarded-availability-new': no option '-Wunguarded-availability-new'
gmake[1]: *** [CMakeFiles/cmTC_7bff3.dir/build.make:78: CMakeFiles/cmTC_7bff3.dir/src.c.o] Error 1
gmake[1]: Leaving directory '/home/hayden/prj/mlir_demo/build/CMakeFiles/CMakeTmp'
gmake: *** [Makefile:127: cmTC_7bff3/fast] Error 2


Source file was:
int main(void) { return 0; }
Performing C++ SOURCE FILE Test CXX_SUPPORTS_WERROR_UNGUARDED_AVAILABILITY_NEW failed with the following output:
Change Dir: /home/hayden/prj/mlir_demo/build/CMakeFiles/CMakeTmp

Run Build Command(s):/usr/bin/gmake -f Makefile cmTC_8f47c/fast && /usr/bin/gmake  -f CMakeFiles/cmTC_8f47c.dir/build.make CMakeFiles/cmTC_8f47c.dir/build
gmake[1]: Entering directory '/home/hayden/prj/mlir_demo/build/CMakeFiles/CMakeTmp'
Building CXX object CMakeFiles/cmTC_8f47c.dir/src.cxx.o
/usr/bin/c++ -DCXX_SUPPORTS_WERROR_UNGUARDED_AVAILABILITY_NEW  -fPIC -fno-semantic-interposition -fvisibility-inlines-hidden -Werror=date-time    -Werror -Werror=unguarded-availability-new -std=gnu++17 -o CMakeFiles/cmTC_8f47c.dir/src.cxx.o -c /home/hayden/prj/mlir_demo/build/CMakeFiles/CMakeTmp/src.cxx
cc1plus: error: '-Werror=unguarded-availability-new': no option '-Wunguarded-availability-new'
gmake[1]: *** [CMakeFiles/cmTC_8f47c.dir/build.make:78: CMakeFiles/cmTC_8f47c.dir/src.cxx.o] Error 1
gmake[1]: Leaving directory '/home/hayden/prj/mlir_demo/build/CMakeFiles/CMakeTmp'
gmake: *** [Makefile:127: cmTC_8f47c/fast] Error 2


Source file was:
int main() { return 0; }
Performing C SOURCE FILE Test C_SUPPORTS_COVERED_SWITCH_DEFAULT_FLAG failed with the following output:
Change Dir: /home/hayden/prj/mlir_demo/build/CMakeFiles/CMakeTmp

Run Build Command(s):/usr/bin/gmake -f Makefile cmTC_43bc2/fast && /usr/bin/gmake  -f CMakeFiles/cmTC_43bc2.dir/build.make CMakeFiles/cmTC_43bc2.dir/build
gmake[1]: Entering directory '/home/hayden/prj/mlir_demo/build/CMakeFiles/CMakeTmp'
Building C object CMakeFiles/cmTC_43bc2.dir/src.c.o
/usr/bin/cc -DC_SUPPORTS_COVERED_SWITCH_DEFAULT_FLAG  -fPIC -fno-semantic-interposition -Werror=date-time -fno-lifetime-dse -Wall -Wextra -Wno-unused-parameter -Wwrite-strings -Wcast-qual -Wno-missing-field-initializers -Wimplicit-fallthrough    -Werror -Wcovered-switch-default -o CMakeFiles/cmTC_43bc2.dir/src.c.o -c /home/hayden/prj/mlir_demo/build/CMakeFiles/CMakeTmp/src.c
cc: error: unrecognized command-line option '-Wcovered-switch-default'; did you mean '-Wno-switch-default'?
gmake[1]: *** [CMakeFiles/cmTC_43bc2.dir/build.make:78: CMakeFiles/cmTC_43bc2.dir/src.c.o] Error 1
gmake[1]: Leaving directory '/home/hayden/prj/mlir_demo/build/CMakeFiles/CMakeTmp'
gmake: *** [Makefile:127: cmTC_43bc2/fast] Error 2


Source file was:
int main(void) { return 0; }
Performing C++ SOURCE FILE Test CXX_SUPPORTS_COVERED_SWITCH_DEFAULT_FLAG failed with the following output:
Change Dir: /home/hayden/prj/mlir_demo/build/CMakeFiles/CMakeTmp

Run Build Command(s):/usr/bin/gmake -f Makefile cmTC_711bf/fast && /usr/bin/gmake  -f CMakeFiles/cmTC_711bf.dir/build.make CMakeFiles/cmTC_711bf.dir/build
gmake[1]: Entering directory '/home/hayden/prj/mlir_demo/build/CMakeFiles/CMakeTmp'
Building CXX object CMakeFiles/cmTC_711bf.dir/src.cxx.o
/usr/bin/c++ -DCXX_SUPPORTS_COVERED_SWITCH_DEFAULT_FLAG  -fPIC -fno-semantic-interposition -fvisibility-inlines-hidden -Werror=date-time -fno-lifetime-dse -Wall -Wextra -Wno-unused-parameter -Wwrite-strings -Wcast-qual -Wno-missing-field-initializers -Wimplicit-fallthrough    -Werror -Wcovered-switch-default -std=gnu++17 -o CMakeFiles/cmTC_711bf.dir/src.cxx.o -c /home/hayden/prj/mlir_demo/build/CMakeFiles/CMakeTmp/src.cxx
c++: error: unrecognized command-line option '-Wcovered-switch-default'; did you mean '-Wno-switch-default'?
gmake[1]: *** [CMakeFiles/cmTC_711bf.dir/build.make:78: CMakeFiles/cmTC_711bf.dir/src.cxx.o] Error 1
gmake[1]: Leaving directory '/home/hayden/prj/mlir_demo/build/CMakeFiles/CMakeTmp'
gmake: *** [Makefile:127: cmTC_711bf/fast] Error 2


Source file was:
int main() { return 0; }
Performing C++ SOURCE FILE Test CXX_WONT_WARN_ON_FINAL_NONVIRTUALDTOR failed with the following output:
Change Dir: /home/hayden/prj/mlir_demo/build/CMakeFiles/CMakeTmp

Run Build Command(s):/usr/bin/gmake -f Makefile cmTC_158cf/fast && /usr/bin/gmake  -f CMakeFiles/cmTC_158cf.dir/build.make CMakeFiles/cmTC_158cf.dir/build
gmake[1]: Entering directory '/home/hayden/prj/mlir_demo/build/CMakeFiles/CMakeTmp'
Building CXX object CMakeFiles/cmTC_158cf.dir/src.cxx.o
/usr/bin/c++ -DCXX_WONT_WARN_ON_FINAL_NONVIRTUALDTOR  -fPIC -fno-semantic-interposition -fvisibility-inlines-hidden -Werror=date-time -fno-lifetime-dse -Wall -Wextra -Wno-unused-parameter -Wwrite-strings -Wcast-qual -Wno-missing-field-initializers -Wimplicit-fallthrough -Wno-nonnull -Wno-class-memaccess -Wno-redundant-move -Wno-pessimizing-move -Wno-noexcept-type  -Werror=non-virtual-dtor -std=gnu++17 -o CMakeFiles/cmTC_158cf.dir/src.cxx.o -c /home/hayden/prj/mlir_demo/build/CMakeFiles/CMakeTmp/src.cxx
/home/hayden/prj/mlir_demo/build/CMakeFiles/CMakeTmp/src.cxx:2:36: error: ‘class base’ has virtual functions and accessible non-virtual destructor [-Werror=non-virtual-dtor]
    2 |                              class base {friend f; public: virtual void anchor();protected: ~base();};
      |                                    ^~~~
cc1plus: some warnings being treated as errors
gmake[1]: *** [CMakeFiles/cmTC_158cf.dir/build.make:78: CMakeFiles/cmTC_158cf.dir/src.cxx.o] Error 1
gmake[1]: Leaving directory '/home/hayden/prj/mlir_demo/build/CMakeFiles/CMakeTmp'
gmake: *** [Makefile:127: cmTC_158cf/fast] Error 2


Source file was:
class f {};
                             class base {friend f; public: virtual void anchor();protected: ~base();};
                             int main() { return 0; }
Performing C SOURCE FILE Test C_WCOMMENT_ALLOWS_LINE_WRAP failed with the following output:
Change Dir: /home/hayden/prj/mlir_demo/build/CMakeFiles/CMakeTmp

Run Build Command(s):/usr/bin/gmake -f Makefile cmTC_1777a/fast && /usr/bin/gmake  -f CMakeFiles/cmTC_1777a.dir/build.make CMakeFiles/cmTC_1777a.dir/build
gmake[1]: Entering directory '/home/hayden/prj/mlir_demo/build/CMakeFiles/CMakeTmp'
Building C object CMakeFiles/cmTC_1777a.dir/src.c.o
/usr/bin/cc -DC_WCOMMENT_ALLOWS_LINE_WRAP  -fPIC -fno-semantic-interposition -Werror=date-time -fno-lifetime-dse -Wall -Wextra -Wno-unused-parameter -Wwrite-strings -Wcast-qual -Wno-missing-field-initializers -Wimplicit-fallthrough  -Werror -Wcomment -o CMakeFiles/cmTC_1777a.dir/src.c.o -c /home/hayden/prj/mlir_demo/build/CMakeFiles/CMakeTmp/src.c
/home/hayden/prj/mlir_demo/build/CMakeFiles/CMakeTmp/src.c:1:1: error: multi-line comment [-Werror=comment]
    1 | // \
      | ^
cc1: all warnings being treated as errors
gmake[1]: *** [CMakeFiles/cmTC_1777a.dir/build.make:78: CMakeFiles/cmTC_1777a.dir/src.c.o] Error 1
gmake[1]: Leaving directory '/home/hayden/prj/mlir_demo/build/CMakeFiles/CMakeTmp'
gmake: *** [Makefile:127: cmTC_1777a/fast] Error 2


Source file was:
// \
//
int main(void) {return 0;}
Performing C SOURCE FILE Test C_SUPPORTS_STRING_CONVERSION_FLAG failed with the following output:
Change Dir: /home/hayden/prj/mlir_demo/build/CMakeFiles/CMakeTmp

Run Build Command(s):/usr/bin/gmake -f Makefile cmTC_577d7/fast && /usr/bin/gmake  -f CMakeFiles/cmTC_577d7.dir/build.make CMakeFiles/cmTC_577d7.dir/build
gmake[1]: Entering directory '/home/hayden/prj/mlir_demo/build/CMakeFiles/CMakeTmp'
Building C object CMakeFiles/cmTC_577d7.dir/src.c.o
/usr/bin/cc -DC_SUPPORTS_STRING_CONVERSION_FLAG  -fPIC -fno-semantic-interposition -Werror=date-time -fno-lifetime-dse -Wall -Wextra -Wno-unused-parameter -Wwrite-strings -Wcast-qual -Wno-missing-field-initializers -Wimplicit-fallthrough -Wno-comment    -Werror -Wstring-conversion -o CMakeFiles/cmTC_577d7.dir/src.c.o -c /home/hayden/prj/mlir_demo/build/CMakeFiles/CMakeTmp/src.c
cc: error: unrecognized command-line option '-Wstring-conversion'; did you mean '-Wsign-conversion'?
gmake[1]: *** [CMakeFiles/cmTC_577d7.dir/build.make:78: CMakeFiles/cmTC_577d7.dir/src.c.o] Error 1
gmake[1]: Leaving directory '/home/hayden/prj/mlir_demo/build/CMakeFiles/CMakeTmp'
gmake: *** [Makefile:127: cmTC_577d7/fast] Error 2


Source file was:
int main(void) { return 0; }
Performing C++ SOURCE FILE Test CXX_SUPPORTS_STRING_CONVERSION_FLAG failed with the following output:
Change Dir: /home/hayden/prj/mlir_demo/build/CMakeFiles/CMakeTmp

Run Build Command(s):/usr/bin/gmake -f Makefile cmTC_47e2e/fast && /usr/bin/gmake  -f CMakeFiles/cmTC_47e2e.dir/build.make CMakeFiles/cmTC_47e2e.dir/build
gmake[1]: Entering directory '/home/hayden/prj/mlir_demo/build/CMakeFiles/CMakeTmp'
Building CXX object CMakeFiles/cmTC_47e2e.dir/src.cxx.o
/usr/bin/c++ -DCXX_SUPPORTS_STRING_CONVERSION_FLAG  -fPIC -fno-semantic-interposition -fvisibility-inlines-hidden -Werror=date-time -fno-lifetime-dse -Wall -Wextra -Wno-unused-parameter -Wwrite-strings -Wcast-qual -Wno-missing-field-initializers -Wimplicit-fallthrough -Wno-nonnull -Wno-class-memaccess -Wno-redundant-move -Wno-pessimizing-move -Wno-noexcept-type -Wdelete-non-virtual-dtor -Wsuggest-override -Wno-comment    -Werror -Wstring-conversion -std=gnu++17 -o CMakeFiles/cmTC_47e2e.dir/src.cxx.o -c /home/hayden/prj/mlir_demo/build/CMakeFiles/CMakeTmp/src.cxx
c++: error: unrecognized command-line option '-Wstring-conversion'; did you mean '-Wsign-conversion'?
gmake[1]: *** [CMakeFiles/cmTC_47e2e.dir/build.make:78: CMakeFiles/cmTC_47e2e.dir/src.cxx.o] Error 1
gmake[1]: Leaving directory '/home/hayden/prj/mlir_demo/build/CMakeFiles/CMakeTmp'
gmake: *** [Makefile:127: cmTC_47e2e/fast] Error 2


Source file was:
int main() { return 0; }
Performing C SOURCE FILE Test C_SUPPORTS_CTAD_MAYBE_UNSPPORTED_FLAG failed with the following output:
Change Dir: /home/hayden/prj/mlir_demo/build/CMakeFiles/CMakeTmp

Run Build Command(s):/usr/bin/gmake -f Makefile cmTC_229fe/fast && /usr/bin/gmake  -f CMakeFiles/cmTC_229fe.dir/build.make CMakeFiles/cmTC_229fe.dir/build
gmake[1]: Entering directory '/home/hayden/prj/mlir_demo/build/CMakeFiles/CMakeTmp'
Building C object CMakeFiles/cmTC_229fe.dir/src.c.o
/usr/bin/cc -DC_SUPPORTS_CTAD_MAYBE_UNSPPORTED_FLAG  -fPIC -fno-semantic-interposition -Werror=date-time -fno-lifetime-dse -Wall -Wextra -Wno-unused-parameter -Wwrite-strings -Wcast-qual -Wno-missing-field-initializers -Wimplicit-fallthrough -Wno-comment    -Werror -Wctad-maybe-unsupported -o CMakeFiles/cmTC_229fe.dir/src.c.o -c /home/hayden/prj/mlir_demo/build/CMakeFiles/CMakeTmp/src.c
cc1: error: command-line option '-Wctad-maybe-unsupported' is valid for C++/ObjC++ but not for C [-Werror]
cc1: all warnings being treated as errors
gmake[1]: *** [CMakeFiles/cmTC_229fe.dir/build.make:78: CMakeFiles/cmTC_229fe.dir/src.c.o] Error 1
gmake[1]: Leaving directory '/home/hayden/prj/mlir_demo/build/CMakeFiles/CMakeTmp'
gmake: *** [Makefile:127: cmTC_229fe/fast] Error 2


Source file was:
int main(void) { return 0; }
Determining if the os_signpost_interval_begin exist failed with the following output:
Change Dir: /home/hayden/prj/mlir_demo/build/CMakeFiles/CMakeTmp

Run Build Command(s):/usr/bin/gmake -f Makefile cmTC_b54c7/fast && /usr/bin/gmake  -f CMakeFiles/cmTC_b54c7.dir/build.make CMakeFiles/cmTC_b54c7.dir/build
gmake[1]: Entering directory '/home/hayden/prj/mlir_demo/build/CMakeFiles/CMakeTmp'
Building C object CMakeFiles/cmTC_b54c7.dir/CheckSymbolExists.c.o
/usr/bin/cc   -fPIC -fno-semantic-interposition -fno-lifetime-dse -Wall -Wextra -Wno-unused-parameter -Wwrite-strings -Wcast-qual -Wno-missing-field-initializers -Wimplicit-fallthrough -Wno-comment  -o CMakeFiles/cmTC_b54c7.dir/CheckSymbolExists.c.o -c /home/hayden/prj/mlir_demo/build/CMakeFiles/CMakeTmp/CheckSymbolExists.c
/home/hayden/prj/mlir_demo/build/CMakeFiles/CMakeTmp/CheckSymbolExists.c:2:10: fatal error: os/signpost.h: No such file or directory
    2 | #include <os/signpost.h>
      |          ^~~~~~~~~~~~~~~
compilation terminated.
gmake[1]: *** [CMakeFiles/cmTC_b54c7.dir/build.make:78: CMakeFiles/cmTC_b54c7.dir/CheckSymbolExists.c.o] Error 1
gmake[1]: Leaving directory '/home/hayden/prj/mlir_demo/build/CMakeFiles/CMakeTmp'
gmake: *** [Makefile:127: cmTC_b54c7/fast] Error 2


File /home/hayden/prj/mlir_demo/build/CMakeFiles/CMakeTmp/CheckSymbolExists.c:
/* */
#include <os/signpost.h>

int main(int argc, char** argv)
{
  (void)argv;
#ifndef os_signpost_interval_begin
  return ((int*)(&os_signpost_interval_begin))[argc];
#else
  (void)argc;
  return 0;
#endif
}
